[debug] [2021-05-08T18:48:18.810Z] ----------------------------------------------------------------------
[debug] [2021-05-08T18:48:18.813Z] Command:       C:\Program Files\nodejs\node.exe C:\Users\Asus\AppData\Roaming\npm\node_modules\firebase-tools\lib\bin\firebase.js deploy
[debug] [2021-05-08T18:48:18.813Z] CLI Version:   9.9.0
[debug] [2021-05-08T18:48:18.813Z] Platform:      win32
[debug] [2021-05-08T18:48:18.814Z] Node Version:  v12.16.3
[debug] [2021-05-08T18:48:18.815Z] Time:          Sun May 09 2021 00:18:18 GMT+0530 (India Standard Time)
[debug] [2021-05-08T18:48:18.815Z] ----------------------------------------------------------------------
[debug] 
[debug] [2021-05-08T18:48:18.825Z] > command requires scopes: ["email","openid","https://www.googleapis.com/auth/cloudplatformprojects.readonly","https://www.googleapis.com/auth/firebase","https://www.googleapis.com/auth/cloud-platform"]
[debug] [2021-05-08T18:48:18.825Z] > authorizing via signed-in user (rajputchanchal17@gmail.com)
[debug] [2021-05-08T18:48:18.825Z] [iam] checking project buzzer-5c166 for permissions ["firebase.projects.get","firebasehosting.sites.update"]
[debug] [2021-05-08T18:48:18.828Z] > refreshing access token with scopes: ["email","https://www.googleapis.com/auth/cloud-platform","https://www.googleapis.com/auth/cloudplatformprojects.readonly","https://www.googleapis.com/auth/firebase","openid"]
[debug] [2021-05-08T18:48:18.828Z] >>> HTTP REQUEST POST https://www.googleapis.com/oauth2/v3/token  
 <request body omitted>
[debug] [2021-05-08T18:48:19.778Z] <<< HTTP RESPONSE 200 {"pragma":"no-cache","expires":"Mon, 01 Jan 1990 00:00:00 GMT","date":"Sat, 08 May 2021 18:48:19 GMT","cache-control":"no-cache, no-store, max-age=0, must-revalidate","content-type":"application/json; charset=utf-8","vary":"X-Origin, Referer, Origin,Accept-Encoding","server":"scaffolding on HTTPServer2","x-xss-protection":"0","x-frame-options":"SAMEORIGIN","x-content-type-options":"nosniff","alt-svc":"h3-29=\":443\"; ma=2592000,h3-T051=\":443\"; ma=2592000,h3-Q050=\":443\"; ma=2592000,h3-Q046=\":443\"; ma=2592000,h3-Q043=\":443\"; ma=2592000,quic=\":443\"; ma=2592000; v=\"46,43\"","accept-ranges":"none","transfer-encoding":"chunked"}
[debug] [2021-05-08T18:48:20.004Z] >>> HTTP REQUEST POST https://cloudresourcemanager.googleapis.com/v1/projects/buzzer-5c166:testIamPermissions  
 {"permissions":["firebase.projects.get","firebasehosting.sites.update"]}
[debug] [2021-05-08T18:48:22.505Z] <<< HTTP RESPONSE 200 {"content-type":"application/json; charset=UTF-8","vary":"X-Origin, Referer, Origin,Accept-Encoding","date":"Sat, 08 May 2021 18:48:21 GMT","server":"ESF","cache-control":"private","x-xss-protection":"0","x-frame-options":"SAMEORIGIN","x-content-type-options":"nosniff","server-timing":"gfet4t7; dur=1299","alt-svc":"h3-29=\":443\"; ma=2592000,h3-T051=\":443\"; ma=2592000,h3-Q050=\":443\"; ma=2592000,h3-Q046=\":443\"; ma=2592000,h3-Q043=\":443\"; ma=2592000,quic=\":443\"; ma=2592000; v=\"46,43\"","accept-ranges":"none","transfer-encoding":"chunked"}
[debug] [2021-05-08T18:48:22.508Z] > refreshing access token with scopes: []
[debug] [2021-05-08T18:48:22.509Z] >>> HTTP REQUEST POST https://www.googleapis.com/oauth2/v3/token  
 <request body omitted>
[debug] [2021-05-08T18:48:23.220Z] <<< HTTP RESPONSE 200 {"cache-control":"no-cache, no-store, max-age=0, must-revalidate","pragma":"no-cache","date":"Sat, 08 May 2021 18:48:22 GMT","expires":"Mon, 01 Jan 1990 00:00:00 GMT","content-type":"application/json; charset=utf-8","vary":"X-Origin, Referer, Origin,Accept-Encoding","server":"scaffolding on HTTPServer2","x-xss-protection":"0","x-frame-options":"SAMEORIGIN","x-content-type-options":"nosniff","alt-svc":"h3-29=\":443\"; ma=2592000,h3-T051=\":443\"; ma=2592000,h3-Q050=\":443\"; ma=2592000,h3-Q046=\":443\"; ma=2592000,h3-Q043=\":443\"; ma=2592000,quic=\":443\"; ma=2592000; v=\"46,43\"","accept-ranges":"none","transfer-encoding":"chunked"}
[debug] [2021-05-08T18:48:25.212Z] >>> [apiv2][query] GET https://firebase.googleapis.com/v1beta1/projects/buzzer-5c166 [none]
[debug] [2021-05-08T18:48:26.174Z] <<< [apiv2][status] GET https://firebase.googleapis.com/v1beta1/projects/buzzer-5c166 200
[debug] [2021-05-08T18:48:26.174Z] <<< [apiv2][body] GET https://firebase.googleapis.com/v1beta1/projects/buzzer-5c166 {"projectId":"buzzer-5c166","projectNumber":"612409323131","displayName":"Buzzer","name":"projects/buzzer-5c166","resources":{"hostingSite":"buzzer-5c166","storageBucket":"buzzer-5c166.appspot.com","locationId":"us-central"},"state":"ACTIVE"}
[info] 
[info] === Deploying to 'buzzer-5c166'...
[info] 
[info] i  deploying hosting 
[debug] [2021-05-08T18:48:26.179Z] > refreshing access token with scopes: ["email","https://www.googleapis.com/auth/cloud-platform","https://www.googleapis.com/auth/cloudplatformprojects.readonly","https://www.googleapis.com/auth/firebase","openid"]
[debug] [2021-05-08T18:48:26.180Z] >>> HTTP REQUEST POST https://www.googleapis.com/oauth2/v3/token  
 <request body omitted>
[debug] [2021-05-08T18:48:26.575Z] <<< HTTP RESPONSE 200 {"cache-control":"no-cache, no-store, max-age=0, must-revalidate","pragma":"no-cache","expires":"Mon, 01 Jan 1990 00:00:00 GMT","date":"Sat, 08 May 2021 18:48:26 GMT","content-type":"application/json; charset=utf-8","vary":"X-Origin, Referer, Origin,Accept-Encoding","server":"scaffolding on HTTPServer2","x-xss-protection":"0","x-frame-options":"SAMEORIGIN","x-content-type-options":"nosniff","alt-svc":"h3-29=\":443\"; ma=2592000,h3-T051=\":443\"; ma=2592000,h3-Q050=\":443\"; ma=2592000,h3-Q046=\":443\"; ma=2592000,h3-Q043=\":443\"; ma=2592000,quic=\":443\"; ma=2592000; v=\"46,43\"","accept-ranges":"none","transfer-encoding":"chunked"}
[debug] [2021-05-08T18:48:26.722Z] >>> HTTP REQUEST POST https://firebasehosting.googleapis.com/v1beta1/sites/buzzer-5c166/versions  
 {"config":{},"labels":{"deployment-tool":"cli-firebase"}}
[debug] [2021-05-08T18:48:29.832Z] <<< HTTP RESPONSE 200 {"content-type":"application/json; charset=UTF-8","vary":"X-Origin, Referer, Origin,Accept-Encoding","date":"Sat, 08 May 2021 18:48:29 GMT","server":"ESF","cache-control":"private","x-xss-protection":"0","x-frame-options":"SAMEORIGIN","x-content-type-options":"nosniff","alt-svc":"h3-29=\":443\"; ma=2592000,h3-T051=\":443\"; ma=2592000,h3-Q050=\":443\"; ma=2592000,h3-Q046=\":443\"; ma=2592000,h3-Q043=\":443\"; ma=2592000,quic=\":443\"; ma=2592000; v=\"46,43\"","accept-ranges":"none","transfer-encoding":"chunked"}
[info] i  hosting[buzzer-5c166]: beginning deploy... 
[info] i  hosting[buzzer-5c166]: found 18 files in build 
[debug] [2021-05-08T18:48:29.850Z] [hosting] hash cache [YnVpbGQ] not populated
[debug] [2021-05-08T18:48:30.542Z] > refreshing access token with scopes: []
[debug] [2021-05-08T18:48:30.542Z] >>> HTTP REQUEST POST https://www.googleapis.com/oauth2/v3/token  
 <request body omitted>
[debug] [2021-05-08T18:48:30.544Z] [hosting] hash cache [YnVpbGQ] stored for 18 files
[debug] [2021-05-08T18:48:30.544Z] [hosting][hash queue][FINAL] {"max":465,"min":28,"avg":88.83333333333333,"active":0,"complete":18,"success":18,"errored":0,"retried":0,"total":18,"elapsed":694}
[debug] [2021-05-08T18:48:31.414Z] <<< HTTP RESPONSE 200 {"cache-control":"no-cache, no-store, max-age=0, must-revalidate","pragma":"no-cache","date":"Sat, 08 May 2021 18:48:30 GMT","expires":"Mon, 01 Jan 1990 00:00:00 GMT","content-type":"application/json; charset=utf-8","vary":"X-Origin, Referer, Origin,Accept-Encoding","server":"scaffolding on HTTPServer2","x-xss-protection":"0","x-frame-options":"SAMEORIGIN","x-content-type-options":"nosniff","alt-svc":"h3-29=\":443\"; ma=2592000,h3-T051=\":443\"; ma=2592000,h3-Q050=\":443\"; ma=2592000,h3-Q046=\":443\"; ma=2592000,h3-Q043=\":443\"; ma=2592000,quic=\":443\"; ma=2592000; v=\"46,43\"","accept-ranges":"none","transfer-encoding":"chunked"}
[debug] [2021-05-08T18:48:32.816Z] >>> [apiv2][query] POST https://firebasehosting.googleapis.com/v1beta1/sites/buzzer-5c166/versions/34e9a28c36851f4b:populateFiles [none]
[debug] [2021-05-08T18:48:32.816Z] >>> [apiv2][body] POST https://firebasehosting.googleapis.com/v1beta1/sites/buzzer-5c166/versions/34e9a28c36851f4b:populateFiles {"files":{"/asset-manifest.json":"5d0a2b3e4a589f730c1d6b95a1d09f15ddbdde9bf82b521b70066a854ff60363","/index.html":"5dc2976cc90f5a8f9c61ec739e7181a54adb94a36f241bc43708fcc510fd1351","/manifest.json":"aff3449bdc238776f5d6d967f19ec491b36aed5fb7f23ccff6500736fd58494a","/robots.txt":"bfe106a3fb878dc83461c86818bf74fc1bdc7f28538ba613cd3e775516ce8b49","/static/css/main.f892c834.chunk.css":"fb4b58bce055b08a55435a13fa9aa5a8cdf0f306fc8e307c907bc2fcddea497d","/static/css/main.f892c834.chunk.css.map":"01b6d6a9fb85b4b85b13812bba287d6ff07776bcbf75e2a770839818c65b5e99","/static/js/2.caa43c39.chunk.js.LICENSE.txt":"b1f57c66c2442eac982a377351e1a852086bc9b97cd53847828a27bd6932bf5d","/static/js/3.95d4ceea.chunk.js":"4df2e265ad388f18fa71710de833ca4bafb98aa4686e6fa09f42365dd1da8b2c","/static/js/3.95d4ceea.chunk.js.map":"965c51d8c72ce1fc2106231579e35f2f1a07498d8d5fc8d9d0c553e74ddf6558","/static/js/main.2220167c.chunk.js":"5965f4523e04b8606fba08c0d8a1b7b9bef9efa708ea7a0eaefb194f6e580f37","/static/js/main.2220167c.chunk.js.map":"b63ba93e1d979c9d41fcb2147e49f0f85304da3706148d5de76733714d1fecf7","/static/js/runtime-main.f9f3869d.js":"45d9b82a4fc6d96adaa0a296f4db803faf6c5adbbde10725750351187838de0f","/static/js/runtime-main.f9f3869d.js.map":"03528d9d0e113f18ecadea11f86ed680ee122070a7e0691bc731886cb57054a3","/favicon.ico":"eae62e993eb980ec8a25058c39d5a51feab118bd2100c4deebb2a9c158ec11f9","/logo192.png":"3ee59515172ee198f3be375979df15ac5345183e656720a381b8872b2a39dc8b","/logo512.png":"ee7e2f3fdb8209c4b6fd7bef6ba50d1b9dba30a25bb5c3126df057e1cb6f5331","/static/js/2.caa43c39.chunk.js":"25029237b961f61e3f651c761e44be43a8138c48731d95760cd46a7e041a93fd","/static/js/2.caa43c39.chunk.js.map":"135a224f93bf52cb275d15ee55d93fc55319b0563db30dc538d35fa3a808f0bf"}}
[debug] [2021-05-08T18:48:35.304Z] <<< [apiv2][status] POST https://firebasehosting.googleapis.com/v1beta1/sites/buzzer-5c166/versions/34e9a28c36851f4b:populateFiles 200
[debug] [2021-05-08T18:48:35.304Z] <<< [apiv2][body] POST https://firebasehosting.googleapis.com/v1beta1/sites/buzzer-5c166/versions/34e9a28c36851f4b:populateFiles {"uploadRequiredHashes":["b63ba93e1d979c9d41fcb2147e49f0f85304da3706148d5de76733714d1fecf7","bfe106a3fb878dc83461c86818bf74fc1bdc7f28538ba613cd3e775516ce8b49","ee7e2f3fdb8209c4b6fd7bef6ba50d1b9dba30a25bb5c3126df057e1cb6f5331","5d0a2b3e4a589f730c1d6b95a1d09f15ddbdde9bf82b521b70066a854ff60363","eae62e993eb980ec8a25058c39d5a51feab118bd2100c4deebb2a9c158ec11f9","965c51d8c72ce1fc2106231579e35f2f1a07498d8d5fc8d9d0c553e74ddf6558","5965f4523e04b8606fba08c0d8a1b7b9bef9efa708ea7a0eaefb194f6e580f37","01b6d6a9fb85b4b85b13812bba287d6ff07776bcbf75e2a770839818c65b5e99","aff3449bdc238776f5d6d967f19ec491b36aed5fb7f23ccff6500736fd58494a","3ee59515172ee198f3be375979df15ac5345183e656720a381b8872b2a39dc8b","135a224f93bf52cb275d15ee55d93fc55319b0563db30dc538d35fa3a808f0bf","25029237b961f61e3f651c761e44be43a8138c48731d95760cd46a7e041a93fd","03528d9d0e113f18ecadea11f86ed680ee122070a7e0691bc731886cb57054a3","fb4b58bce055b08a55435a13fa9aa5a8cdf0f306fc8e307c907bc2fcddea497d","4df2e265ad388f18fa71710de833ca4bafb98aa4686e6fa09f42365dd1da8b2c","45d9b82a4fc6d96adaa0a296f4db803faf6c5adbbde10725750351187838de0f","b1f57c66c2442eac982a377351e1a852086bc9b97cd53847828a27bd6932bf5d","5dc2976cc90f5a8f9c61ec739e7181a54adb94a36f241bc43708fcc510fd1351"],"uploadUrl":"https://upload-firebasehosting.googleapis.com/upload/sites/buzzer-5c166/versions/34e9a28c36851f4b/files"}
[debug] [2021-05-08T18:48:35.310Z] >>> [apiv2][query] POST https://upload-firebasehosting.googleapis.com/upload/sites/buzzer-5c166/versions/34e9a28c36851f4b/files/b63ba93e1d979c9d41fcb2147e49f0f85304da3706148d5de76733714d1fecf7 [none]
[debug] [2021-05-08T18:48:35.310Z] >>> [apiv2][body] POST https://upload-firebasehosting.googleapis.com/upload/sites/buzzer-5c166/versions/34e9a28c36851f4b/files/b63ba93e1d979c9d41fcb2147e49f0f85304da3706148d5de76733714d1fecf7 [stream]
[debug] [2021-05-08T18:48:35.312Z] >>> [apiv2][query] POST https://upload-firebasehosting.googleapis.com/upload/sites/buzzer-5c166/versions/34e9a28c36851f4b/files/bfe106a3fb878dc83461c86818bf74fc1bdc7f28538ba613cd3e775516ce8b49 [none]
[debug] [2021-05-08T18:48:35.312Z] >>> [apiv2][body] POST https://upload-firebasehosting.googleapis.com/upload/sites/buzzer-5c166/versions/34e9a28c36851f4b/files/bfe106a3fb878dc83461c86818bf74fc1bdc7f28538ba613cd3e775516ce8b49 [stream]
[debug] [2021-05-08T18:48:35.313Z] >>> [apiv2][query] POST https://upload-firebasehosting.googleapis.com/upload/sites/buzzer-5c166/versions/34e9a28c36851f4b/files/ee7e2f3fdb8209c4b6fd7bef6ba50d1b9dba30a25bb5c3126df057e1cb6f5331 [none]
[debug] [2021-05-08T18:48:35.313Z] >>> [apiv2][body] POST https://upload-firebasehosting.googleapis.com/upload/sites/buzzer-5c166/versions/34e9a28c36851f4b/files/ee7e2f3fdb8209c4b6fd7bef6ba50d1b9dba30a25bb5c3126df057e1cb6f5331 [stream]
[debug] [2021-05-08T18:48:35.318Z] >>> [apiv2][query] POST https://upload-firebasehosting.googleapis.com/upload/sites/buzzer-5c166/versions/34e9a28c36851f4b/files/5d0a2b3e4a589f730c1d6b95a1d09f15ddbdde9bf82b521b70066a854ff60363 [none]
[debug] [2021-05-08T18:48:35.318Z] >>> [apiv2][body] POST https://upload-firebasehosting.googleapis.com/upload/sites/buzzer-5c166/versions/34e9a28c36851f4b/files/5d0a2b3e4a589f730c1d6b95a1d09f15ddbdde9bf82b521b70066a854ff60363 [stream]
[debug] [2021-05-08T18:48:35.319Z] >>> [apiv2][query] POST https://upload-firebasehosting.googleapis.com/upload/sites/buzzer-5c166/versions/34e9a28c36851f4b/files/eae62e993eb980ec8a25058c39d5a51feab118bd2100c4deebb2a9c158ec11f9 [none]
[debug] [2021-05-08T18:48:35.319Z] >>> [apiv2][body] POST https://upload-firebasehosting.googleapis.com/upload/sites/buzzer-5c166/versions/34e9a28c36851f4b/files/eae62e993eb980ec8a25058c39d5a51feab118bd2100c4deebb2a9c158ec11f9 [stream]
[debug] [2021-05-08T18:48:35.319Z] >>> [apiv2][query] POST https://upload-firebasehosting.googleapis.com/upload/sites/buzzer-5c166/versions/34e9a28c36851f4b/files/965c51d8c72ce1fc2106231579e35f2f1a07498d8d5fc8d9d0c553e74ddf6558 [none]
[debug] [2021-05-08T18:48:35.319Z] >>> [apiv2][body] POST https://upload-firebasehosting.googleapis.com/upload/sites/buzzer-5c166/versions/34e9a28c36851f4b/files/965c51d8c72ce1fc2106231579e35f2f1a07498d8d5fc8d9d0c553e74ddf6558 [stream]
[debug] [2021-05-08T18:48:35.320Z] >>> [apiv2][query] POST https://upload-firebasehosting.googleapis.com/upload/sites/buzzer-5c166/versions/34e9a28c36851f4b/files/5965f4523e04b8606fba08c0d8a1b7b9bef9efa708ea7a0eaefb194f6e580f37 [none]
[debug] [2021-05-08T18:48:35.320Z] >>> [apiv2][body] POST https://upload-firebasehosting.googleapis.com/upload/sites/buzzer-5c166/versions/34e9a28c36851f4b/files/5965f4523e04b8606fba08c0d8a1b7b9bef9efa708ea7a0eaefb194f6e580f37 [stream]
[debug] [2021-05-08T18:48:35.321Z] >>> [apiv2][query] POST https://upload-firebasehosting.googleapis.com/upload/sites/buzzer-5c166/versions/34e9a28c36851f4b/files/01b6d6a9fb85b4b85b13812bba287d6ff07776bcbf75e2a770839818c65b5e99 [none]
[debug] [2021-05-08T18:48:35.321Z] >>> [apiv2][body] POST https://upload-firebasehosting.googleapis.com/upload/sites/buzzer-5c166/versions/34e9a28c36851f4b/files/01b6d6a9fb85b4b85b13812bba287d6ff07776bcbf75e2a770839818c65b5e99 [stream]
[debug] [2021-05-08T18:48:35.321Z] >>> [apiv2][query] POST https://upload-firebasehosting.googleapis.com/upload/sites/buzzer-5c166/versions/34e9a28c36851f4b/files/aff3449bdc238776f5d6d967f19ec491b36aed5fb7f23ccff6500736fd58494a [none]
[debug] [2021-05-08T18:48:35.321Z] >>> [apiv2][body] POST https://upload-firebasehosting.googleapis.com/upload/sites/buzzer-5c166/versions/34e9a28c36851f4b/files/aff3449bdc238776f5d6d967f19ec491b36aed5fb7f23ccff6500736fd58494a [stream]
[debug] [2021-05-08T18:48:35.322Z] >>> [apiv2][query] POST https://upload-firebasehosting.googleapis.com/upload/sites/buzzer-5c166/versions/34e9a28c36851f4b/files/3ee59515172ee198f3be375979df15ac5345183e656720a381b8872b2a39dc8b [none]
[debug] [2021-05-08T18:48:35.322Z] >>> [apiv2][body] POST https://upload-firebasehosting.googleapis.com/upload/sites/buzzer-5c166/versions/34e9a28c36851f4b/files/3ee59515172ee198f3be375979df15ac5345183e656720a381b8872b2a39dc8b [stream]
[debug] [2021-05-08T18:48:35.323Z] >>> [apiv2][query] POST https://upload-firebasehosting.googleapis.com/upload/sites/buzzer-5c166/versions/34e9a28c36851f4b/files/135a224f93bf52cb275d15ee55d93fc55319b0563db30dc538d35fa3a808f0bf [none]
[debug] [2021-05-08T18:48:35.323Z] >>> [apiv2][body] POST https://upload-firebasehosting.googleapis.com/upload/sites/buzzer-5c166/versions/34e9a28c36851f4b/files/135a224f93bf52cb275d15ee55d93fc55319b0563db30dc538d35fa3a808f0bf [stream]
[debug] [2021-05-08T18:48:35.325Z] >>> [apiv2][query] POST https://upload-firebasehosting.googleapis.com/upload/sites/buzzer-5c166/versions/34e9a28c36851f4b/files/25029237b961f61e3f651c761e44be43a8138c48731d95760cd46a7e041a93fd [none]
[debug] [2021-05-08T18:48:35.325Z] >>> [apiv2][body] POST https://upload-firebasehosting.googleapis.com/upload/sites/buzzer-5c166/versions/34e9a28c36851f4b/files/25029237b961f61e3f651c761e44be43a8138c48731d95760cd46a7e041a93fd [stream]
[debug] [2021-05-08T18:48:35.326Z] >>> [apiv2][query] POST https://upload-firebasehosting.googleapis.com/upload/sites/buzzer-5c166/versions/34e9a28c36851f4b/files/03528d9d0e113f18ecadea11f86ed680ee122070a7e0691bc731886cb57054a3 [none]
[debug] [2021-05-08T18:48:35.326Z] >>> [apiv2][body] POST https://upload-firebasehosting.googleapis.com/upload/sites/buzzer-5c166/versions/34e9a28c36851f4b/files/03528d9d0e113f18ecadea11f86ed680ee122070a7e0691bc731886cb57054a3 [stream]
[debug] [2021-05-08T18:48:35.327Z] >>> [apiv2][query] POST https://upload-firebasehosting.googleapis.com/upload/sites/buzzer-5c166/versions/34e9a28c36851f4b/files/fb4b58bce055b08a55435a13fa9aa5a8cdf0f306fc8e307c907bc2fcddea497d [none]
[debug] [2021-05-08T18:48:35.327Z] >>> [apiv2][body] POST https://upload-firebasehosting.googleapis.com/upload/sites/buzzer-5c166/versions/34e9a28c36851f4b/files/fb4b58bce055b08a55435a13fa9aa5a8cdf0f306fc8e307c907bc2fcddea497d [stream]
[debug] [2021-05-08T18:48:35.328Z] >>> [apiv2][query] POST https://upload-firebasehosting.googleapis.com/upload/sites/buzzer-5c166/versions/34e9a28c36851f4b/files/4df2e265ad388f18fa71710de833ca4bafb98aa4686e6fa09f42365dd1da8b2c [none]
[debug] [2021-05-08T18:48:35.328Z] >>> [apiv2][body] POST https://upload-firebasehosting.googleapis.com/upload/sites/buzzer-5c166/versions/34e9a28c36851f4b/files/4df2e265ad388f18fa71710de833ca4bafb98aa4686e6fa09f42365dd1da8b2c [stream]
[debug] [2021-05-08T18:48:35.328Z] >>> [apiv2][query] POST https://upload-firebasehosting.googleapis.com/upload/sites/buzzer-5c166/versions/34e9a28c36851f4b/files/45d9b82a4fc6d96adaa0a296f4db803faf6c5adbbde10725750351187838de0f [none]
[debug] [2021-05-08T18:48:35.329Z] >>> [apiv2][body] POST https://upload-firebasehosting.googleapis.com/upload/sites/buzzer-5c166/versions/34e9a28c36851f4b/files/45d9b82a4fc6d96adaa0a296f4db803faf6c5adbbde10725750351187838de0f [stream]
[debug] [2021-05-08T18:48:35.329Z] >>> [apiv2][query] POST https://upload-firebasehosting.googleapis.com/upload/sites/buzzer-5c166/versions/34e9a28c36851f4b/files/b1f57c66c2442eac982a377351e1a852086bc9b97cd53847828a27bd6932bf5d [none]
[debug] [2021-05-08T18:48:35.329Z] >>> [apiv2][body] POST https://upload-firebasehosting.googleapis.com/upload/sites/buzzer-5c166/versions/34e9a28c36851f4b/files/b1f57c66c2442eac982a377351e1a852086bc9b97cd53847828a27bd6932bf5d [stream]
[debug] [2021-05-08T18:48:35.330Z] >>> [apiv2][query] POST https://upload-firebasehosting.googleapis.com/upload/sites/buzzer-5c166/versions/34e9a28c36851f4b/files/5dc2976cc90f5a8f9c61ec739e7181a54adb94a36f241bc43708fcc510fd1351 [none]
[debug] [2021-05-08T18:48:35.330Z] >>> [apiv2][body] POST https://upload-firebasehosting.googleapis.com/upload/sites/buzzer-5c166/versions/34e9a28c36851f4b/files/5dc2976cc90f5a8f9c61ec739e7181a54adb94a36f241bc43708fcc510fd1351 [stream]
[debug] [2021-05-08T18:48:35.331Z] [hosting][populate queue][FINAL] {"max":4768,"min":4768,"avg":4768,"active":0,"complete":1,"success":1,"errored":0,"retried":0,"total":1,"elapsed":4789}
[debug] [2021-05-08T18:48:35.331Z] [hosting] uploads queued: 18
[debug] [2021-05-08T18:48:38.187Z] <<< [apiv2][status] POST https://upload-firebasehosting.googleapis.com/upload/sites/buzzer-5c166/versions/34e9a28c36851f4b/files/4df2e265ad388f18fa71710de833ca4bafb98aa4686e6fa09f42365dd1da8b2c 200
[debug] [2021-05-08T18:48:38.187Z] <<< [apiv2][body] POST https://upload-firebasehosting.googleapis.com/upload/sites/buzzer-5c166/versions/34e9a28c36851f4b/files/4df2e265ad388f18fa71710de833ca4bafb98aa4686e6fa09f42365dd1da8b2c [stream]
[debug] [2021-05-08T18:48:38.452Z] <<< [apiv2][status] POST https://upload-firebasehosting.googleapis.com/upload/sites/buzzer-5c166/versions/34e9a28c36851f4b/files/45d9b82a4fc6d96adaa0a296f4db803faf6c5adbbde10725750351187838de0f 200
[debug] [2021-05-08T18:48:38.452Z] <<< [apiv2][body] POST https://upload-firebasehosting.googleapis.com/upload/sites/buzzer-5c166/versions/34e9a28c36851f4b/files/45d9b82a4fc6d96adaa0a296f4db803faf6c5adbbde10725750351187838de0f [stream]
